<?xml version="1.0" encoding="UTF-8"?>
<testng-results ignored="1" total="5" passed="4" failed="0" skipped="0">
  <reporter-output>
  </reporter-output>
  <suite started-at="2024-02-14T09:21:12 IST" name="Suite" finished-at="2024-02-14T09:21:41 IST" duration-ms="28891">
    <groups>
    </groups>
    <test started-at="2024-02-14T09:21:12 IST" name="TestEdge" finished-at="2024-02-14T09:21:36 IST" duration-ms="23935">
      <class name="com.CrossBrowserTest.TestPom">
        <test-method is-config="true" signature="setUp(java.lang.String)[pri:0, instance:com.CrossBrowserTest.TestPom@3c7f66c4]" started-at="2024-02-14T09:21:21 IST" name="setUp" finished-at="2024-02-14T09:21:28 IST" duration-ms="6820" status="PASS">
          <params>
            <param index="0">
              <value>
                <![CDATA[Edge]]>
              </value>
            </param>
          </params>
          <reporter-output>
          </reporter-output>
        </test-method> <!-- setUp -->
        <test-method signature="verifyTest1()[pri:0, instance:com.CrossBrowserTest.TestPom@3c7f66c4]" started-at="2024-02-14T09:21:28 IST" name="verifyTest1" finished-at="2024-02-14T09:21:29 IST" duration-ms="698" status="PASS">
          <reporter-output>
          </reporter-output>
        </test-method> <!-- verifyTest1 -->
        <test-method is-config="true" signature="tearDown()[pri:0, instance:com.CrossBrowserTest.TestPom@3c7f66c4]" started-at="2024-02-14T09:21:29 IST" name="tearDown" finished-at="2024-02-14T09:21:29 IST" duration-ms="3" status="PASS">
          <reporter-output>
          </reporter-output>
        </test-method> <!-- tearDown -->
      </class> <!-- com.CrossBrowserTest.TestPom -->
      <class name="com.CrossBrowserTest.FetaureTest_1">
        <test-method is-config="true" signature="setUp(java.lang.String)[pri:0, instance:com.CrossBrowserTest.FetaureTest_1@53fdffa1]" started-at="2024-02-14T09:21:12 IST" name="setUp" finished-at="2024-02-14T09:21:21 IST" duration-ms="9163" status="PASS">
          <params>
            <param index="0">
              <value>
                <![CDATA[Edge]]>
              </value>
            </param>
          </params>
          <reporter-output>
          </reporter-output>
        </test-method> <!-- setUp -->
        <test-method signature="Test_1()[pri:0, instance:com.CrossBrowserTest.FetaureTest_1@53fdffa1]" started-at="2024-02-14T09:21:21 IST" name="Test_1" finished-at="2024-02-14T09:21:21 IST" duration-ms="355" status="PASS">
          <reporter-output>
          </reporter-output>
        </test-method> <!-- Test_1 -->
        <test-method is-config="true" signature="tearDown()[pri:0, instance:com.CrossBrowserTest.FetaureTest_1@53fdffa1]" started-at="2024-02-14T09:21:21 IST" name="tearDown" finished-at="2024-02-14T09:21:21 IST" duration-ms="1" status="PASS">
          <reporter-output>
          </reporter-output>
        </test-method> <!-- tearDown -->
      </class> <!-- com.CrossBrowserTest.FetaureTest_1 -->
      <class name="com.CrossBrowserTest.FeatureTest_2">
        <test-method is-config="true" signature="setUp(java.lang.String)[pri:0, instance:com.CrossBrowserTest.FeatureTest_2@194bcebf]" started-at="2024-02-14T09:21:29 IST" name="setUp" finished-at="2024-02-14T09:21:36 IST" duration-ms="6830" status="PASS">
          <params>
            <param index="0">
              <value>
                <![CDATA[Edge]]>
              </value>
            </param>
          </params>
          <reporter-output>
          </reporter-output>
        </test-method> <!-- setUp -->
        <test-method signature="verifyTest_3()[pri:0, instance:com.CrossBrowserTest.FeatureTest_2@194bcebf]" started-at="2024-02-14T09:21:36 IST" name="verifyTest_3" finished-at="2024-02-14T09:21:36 IST" duration-ms="1" status="PASS">
          <reporter-output>
          </reporter-output>
        </test-method> <!-- verifyTest_3 -->
        <test-method is-config="true" signature="tearDown()[pri:0, instance:com.CrossBrowserTest.FeatureTest_2@194bcebf]" started-at="2024-02-14T09:21:36 IST" name="tearDown" finished-at="2024-02-14T09:21:36 IST" duration-ms="1" status="PASS">
          <reporter-output>
          </reporter-output>
        </test-method> <!-- tearDown -->
      </class> <!-- com.CrossBrowserTest.FeatureTest_2 -->
    </test> <!-- TestEdge -->
    <test started-at="2024-02-14T09:21:36 IST" name="TestChrome" finished-at="2024-02-14T09:21:41 IST" duration-ms="4918">
      <class name="com.CrossBrowserTest.FetaureTest_1">
        <test-method is-config="true" signature="setUp(java.lang.String)[pri:0, instance:com.CrossBrowserTest.FetaureTest_1@771a660]" started-at="2024-02-14T09:21:36 IST" name="setUp" finished-at="2024-02-14T09:21:40 IST" duration-ms="4793" status="PASS">
          <params>
            <param index="0">
              <value>
                <![CDATA[Chrome]]>
              </value>
            </param>
          </params>
          <reporter-output>
          </reporter-output>
        </test-method> <!-- setUp -->
        <test-method signature="Test_1()[pri:0, instance:com.CrossBrowserTest.FetaureTest_1@771a660]" started-at="2024-02-14T09:21:40 IST" name="Test_1" finished-at="2024-02-14T09:21:41 IST" duration-ms="120" status="PASS">
          <reporter-output>
          </reporter-output>
        </test-method> <!-- Test_1 -->
        <test-method is-config="true" signature="tearDown()[pri:0, instance:com.CrossBrowserTest.FetaureTest_1@771a660]" started-at="2024-02-14T09:21:41 IST" name="tearDown" finished-at="2024-02-14T09:21:41 IST" duration-ms="0" status="PASS">
          <reporter-output>
          </reporter-output>
        </test-method> <!-- tearDown -->
      </class> <!-- com.CrossBrowserTest.FetaureTest_1 -->
    </test> <!-- TestChrome -->
  </suite> <!-- Suite -->
</testng-results>
