<?xml version="1.0" encoding="UTF-8"?>
<testng-results ignored="1" total="11" passed="8" failed="1" skipped="1">
  <reporter-output>
  </reporter-output>
  <suite started-at="2024-02-08T09:06:05 IST" name="DemoSuite" finished-at="2024-02-08T09:06:05 IST" duration-ms="63">
    <groups>
    </groups>
    <test started-at="2024-02-08T09:06:05 IST" name="DemoTest" finished-at="2024-02-08T09:06:05 IST" duration-ms="63">
      <class name="com.TestNGDemoSession.Session_1_1">
        <test-method signature="abc()[pri:-2, instance:com.TestNGDemoSession.Session_1_1@957e06]" started-at="2024-02-08T09:06:05 IST" name="abc" finished-at="2024-02-08T09:06:05 IST" duration-ms="1" status="PASS">
          <reporter-output>
          </reporter-output>
        </test-method> <!-- abc -->
        <test-method is-config="true" signature="BrowserLaunch()[pri:0, instance:com.TestNGDemoSession.Session_1_1@957e06]" started-at="2024-02-08T09:06:05 IST" name="BrowserLaunch" finished-at="2024-02-08T09:06:05 IST" duration-ms="0" status="PASS">
          <reporter-output>
          </reporter-output>
        </test-method> <!-- BrowserLaunch -->
        <test-method is-config="true" signature="tearDown()[pri:0, instance:com.TestNGDemoSession.Session_1_1@957e06]" started-at="2024-02-08T09:06:05 IST" name="tearDown" finished-at="2024-02-08T09:06:05 IST" duration-ms="0" status="PASS">
          <reporter-output>
          </reporter-output>
        </test-method> <!-- tearDown -->
        <test-method signature="pqr()[pri:0, instance:com.TestNGDemoSession.Session_1_1@957e06]" started-at="2024-02-08T09:06:05 IST" name="pqr" finished-at="2024-02-08T09:06:05 IST" duration-ms="1" status="PASS">
          <reporter-output>
          </reporter-output>
        </test-method> <!-- pqr -->
        <test-method is-config="true" signature="BrowserLaunch()[pri:0, instance:com.TestNGDemoSession.Session_1_1@957e06]" started-at="2024-02-08T09:06:05 IST" name="BrowserLaunch" finished-at="2024-02-08T09:06:05 IST" duration-ms="0" status="PASS">
          <reporter-output>
          </reporter-output>
        </test-method> <!-- BrowserLaunch -->
        <test-method is-config="true" signature="tearDown()[pri:0, instance:com.TestNGDemoSession.Session_1_1@957e06]" started-at="2024-02-08T09:06:05 IST" name="tearDown" finished-at="2024-02-08T09:06:05 IST" duration-ms="0" status="PASS">
          <reporter-output>
          </reporter-output>
        </test-method> <!-- tearDown -->
        <test-method signature="xyz()[pri:1, instance:com.TestNGDemoSession.Session_1_1@957e06]" started-at="2024-02-08T09:06:05 IST" name="xyz" finished-at="2024-02-08T09:06:05 IST" duration-ms="1" status="PASS">
          <reporter-output>
          </reporter-output>
        </test-method> <!-- xyz -->
        <test-method is-config="true" signature="BrowserLaunch()[pri:0, instance:com.TestNGDemoSession.Session_1_1@957e06]" started-at="2024-02-08T09:06:05 IST" name="BrowserLaunch" finished-at="2024-02-08T09:06:05 IST" duration-ms="0" status="PASS">
          <reporter-output>
          </reporter-output>
        </test-method> <!-- BrowserLaunch -->
        <test-method is-config="true" signature="tearDown()[pri:0, instance:com.TestNGDemoSession.Session_1_1@957e06]" started-at="2024-02-08T09:06:05 IST" name="tearDown" finished-at="2024-02-08T09:06:05 IST" duration-ms="0" status="PASS">
          <reporter-output>
          </reporter-output>
        </test-method> <!-- tearDown -->
      </class> <!-- com.TestNGDemoSession.Session_1_1 -->
      <class name="com.TestNGDemoSession.Session_2">
        <test-method signature="m1()[pri:0, instance:com.TestNGDemoSession.Session_2@16610890]" started-at="2024-02-08T09:06:05 IST" name="m1" finished-at="2024-02-08T09:06:05 IST" duration-ms="8" status="FAIL">
          <exception class="java.lang.AssertionError">
            <message>
              <![CDATA[expected [true] but found [false]]]>
            </message>
            <full-stacktrace>
              <![CDATA[java.lang.AssertionError: expected [true] but found [false]
at org.testng.Assert.fail(Assert.java:99)
at org.testng.Assert.failNotEquals(Assert.java:1037)
at org.testng.Assert.assertTrue(Assert.java:45)
at org.testng.Assert.assertTrue(Assert.java:55)
at com.TestNGDemoSession.Session_2.m1(Session_2.java:12)
at java.base/jdk.internal.reflect.NativeMethodAccessorImpl.invoke0(Native Method)
at java.base/jdk.internal.reflect.NativeMethodAccessorImpl.invoke(NativeMethodAccessorImpl.java:62)
at java.base/jdk.internal.reflect.DelegatingMethodAccessorImpl.invoke(DelegatingMethodAccessorImpl.java:43)
at java.base/java.lang.reflect.Method.invoke(Method.java:566)
at org.testng.internal.MethodInvocationHelper.invokeMethod(MethodInvocationHelper.java:133)
at org.testng.internal.TestInvoker.invokeMethod(TestInvoker.java:598)
at org.testng.internal.TestInvoker.invokeTestMethod(TestInvoker.java:173)
at org.testng.internal.MethodRunner.runInSequence(MethodRunner.java:46)
at org.testng.internal.TestInvoker$MethodInvocationAgent.invoke(TestInvoker.java:824)
at org.testng.internal.TestInvoker.invokeTestMethods(TestInvoker.java:146)
at org.testng.internal.TestMethodWorker.invokeTestMethods(TestMethodWorker.java:146)
at org.testng.internal.TestMethodWorker.run(TestMethodWorker.java:128)
at java.base/java.util.ArrayList.forEach(ArrayList.java:1540)
at org.testng.TestRunner.privateRun(TestRunner.java:794)
at org.testng.TestRunner.run(TestRunner.java:596)
at org.testng.SuiteRunner.runTest(SuiteRunner.java:377)
at org.testng.SuiteRunner.runSequentially(SuiteRunner.java:371)
at org.testng.SuiteRunner.privateRun(SuiteRunner.java:332)
at org.testng.SuiteRunner.run(SuiteRunner.java:276)
at org.testng.SuiteRunnerWorker.runSuite(SuiteRunnerWorker.java:53)
at org.testng.SuiteRunnerWorker.run(SuiteRunnerWorker.java:96)
at org.testng.TestNG.runSuitesSequentially(TestNG.java:1212)
at org.testng.TestNG.runSuitesLocally(TestNG.java:1134)
at org.testng.TestNG.runSuites(TestNG.java:1063)
at org.testng.TestNG.run(TestNG.java:1031)
at org.testng.remote.AbstractRemoteTestNG.run(AbstractRemoteTestNG.java:115)
at org.testng.remote.RemoteTestNG.initAndRun(RemoteTestNG.java:251)
at org.testng.remote.RemoteTestNG.main(RemoteTestNG.java:77)
]]>
            </full-stacktrace>
          </exception> <!-- java.lang.AssertionError -->
          <reporter-output>
          </reporter-output>
        </test-method> <!-- m1 -->
        <test-method signature="m3()[pri:0, instance:com.TestNGDemoSession.Session_2@16610890]" started-at="2024-02-08T09:06:05 IST" name="m3" finished-at="2024-02-08T09:06:05 IST" duration-ms="1" status="PASS">
          <reporter-output>
          </reporter-output>
        </test-method> <!-- m3 -->
        <test-method signature="m3()[pri:0, instance:com.TestNGDemoSession.Session_2@16610890]" started-at="2024-02-08T09:06:05 IST" name="m3" finished-at="2024-02-08T09:06:05 IST" duration-ms="0" status="PASS">
          <reporter-output>
          </reporter-output>
        </test-method> <!-- m3 -->
        <test-method signature="m3()[pri:0, instance:com.TestNGDemoSession.Session_2@16610890]" started-at="2024-02-08T09:06:05 IST" name="m3" finished-at="2024-02-08T09:06:05 IST" duration-ms="0" status="PASS">
          <reporter-output>
          </reporter-output>
        </test-method> <!-- m3 -->
        <test-method signature="m4()[pri:0, instance:com.TestNGDemoSession.Session_2@16610890]" started-at="2024-02-08T09:06:05 IST" name="m4" finished-at="2024-02-08T09:06:05 IST" depends-on-methods="com.TestNGDemoSession.Session_2.m1" duration-ms="0" status="SKIP">
          <exception class="java.lang.Throwable">
            <message>
              <![CDATA[Method Session_2.m4()[pri:0, instance:com.TestNGDemoSession.Session_2@16610890] depends on not successfully finished methods]]>
            </message>
            <full-stacktrace>
              <![CDATA[java.lang.Throwable: Method Session_2.m4()[pri:0, instance:com.TestNGDemoSession.Session_2@16610890] depends on not successfully finished methods
at org.testng.internal.TestInvoker.invokeTestMethods(TestInvoker.java:102)
at org.testng.internal.TestMethodWorker.invokeTestMethods(TestMethodWorker.java:146)
at org.testng.internal.TestMethodWorker.run(TestMethodWorker.java:128)
at java.base/java.util.ArrayList.forEach(ArrayList.java:1540)
at org.testng.TestRunner.privateRun(TestRunner.java:794)
at org.testng.TestRunner.run(TestRunner.java:596)
at org.testng.SuiteRunner.runTest(SuiteRunner.java:377)
at org.testng.SuiteRunner.runSequentially(SuiteRunner.java:371)
at org.testng.SuiteRunner.privateRun(SuiteRunner.java:332)
at org.testng.SuiteRunner.run(SuiteRunner.java:276)
at org.testng.SuiteRunnerWorker.runSuite(SuiteRunnerWorker.java:53)
at org.testng.SuiteRunnerWorker.run(SuiteRunnerWorker.java:96)
at org.testng.TestNG.runSuitesSequentially(TestNG.java:1212)
at org.testng.TestNG.runSuitesLocally(TestNG.java:1134)
at org.testng.TestNG.runSuites(TestNG.java:1063)
at org.testng.TestNG.run(TestNG.java:1031)
at org.testng.remote.AbstractRemoteTestNG.run(AbstractRemoteTestNG.java:115)
at org.testng.remote.RemoteTestNG.initAndRun(RemoteTestNG.java:251)
at org.testng.remote.RemoteTestNG.main(RemoteTestNG.java:77)
]]>
            </full-stacktrace>
          </exception> <!-- java.lang.Throwable -->
          <reporter-output>
          </reporter-output>
        </test-method> <!-- m4 -->
      </class> <!-- com.TestNGDemoSession.Session_2 -->
      <class name="com.TestNGDemoSession.Session_1">
        <test-method is-config="true" signature="BS()[pri:0, instance:com.TestNGDemoSession.Session_1@1de5f259]" started-at="2024-02-08T09:06:05 IST" name="BS" finished-at="2024-02-08T09:06:05 IST" duration-ms="6" status="PASS">
          <reporter-output>
          </reporter-output>
        </test-method> <!-- BS -->
        <test-method is-config="true" signature="BT()[pri:0, instance:com.TestNGDemoSession.Session_1@1de5f259]" started-at="2024-02-08T09:06:05 IST" name="BT" finished-at="2024-02-08T09:06:05 IST" duration-ms="1" status="PASS">
          <reporter-output>
          </reporter-output>
        </test-method> <!-- BT -->
        <test-method is-config="true" signature="BC()[pri:0, instance:com.TestNGDemoSession.Session_1@1de5f259]" started-at="2024-02-08T09:06:05 IST" name="BC" finished-at="2024-02-08T09:06:05 IST" duration-ms="0" status="PASS">
          <reporter-output>
          </reporter-output>
        </test-method> <!-- BC -->
        <test-method is-config="true" signature="BM()[pri:0, instance:com.TestNGDemoSession.Session_1@1de5f259]" started-at="2024-02-08T09:06:05 IST" name="BM" finished-at="2024-02-08T09:06:05 IST" duration-ms="1" status="PASS">
          <reporter-output>
          </reporter-output>
        </test-method> <!-- BM -->
        <test-method signature="VerifyTest1()[pri:0, instance:com.TestNGDemoSession.Session_1@1de5f259]" started-at="2024-02-08T09:06:05 IST" name="VerifyTest1" finished-at="2024-02-08T09:06:05 IST" duration-ms="1" status="PASS">
          <reporter-output>
          </reporter-output>
        </test-method> <!-- VerifyTest1 -->
        <test-method is-config="true" signature="AM()[pri:0, instance:com.TestNGDemoSession.Session_1@1de5f259]" started-at="2024-02-08T09:06:05 IST" name="AM" finished-at="2024-02-08T09:06:05 IST" duration-ms="1" status="PASS">
          <reporter-output>
          </reporter-output>
        </test-method> <!-- AM -->
        <test-method signature="VerifyTest2()[pri:0, instance:com.TestNGDemoSession.Session_1@1de5f259]" started-at="2024-02-08T09:06:05 IST" name="VerifyTest2" finished-at="2024-02-08T09:06:05 IST" duration-ms="1" status="PASS">
          <reporter-output>
          </reporter-output>
        </test-method> <!-- VerifyTest2 -->
        <test-method is-config="true" signature="BM()[pri:0, instance:com.TestNGDemoSession.Session_1@1de5f259]" started-at="2024-02-08T09:06:05 IST" name="BM" finished-at="2024-02-08T09:06:05 IST" duration-ms="0" status="PASS">
          <reporter-output>
          </reporter-output>
        </test-method> <!-- BM -->
        <test-method is-config="true" signature="AM()[pri:0, instance:com.TestNGDemoSession.Session_1@1de5f259]" started-at="2024-02-08T09:06:05 IST" name="AM" finished-at="2024-02-08T09:06:05 IST" duration-ms="0" status="PASS">
          <reporter-output>
          </reporter-output>
        </test-method> <!-- AM -->
        <test-method is-config="true" signature="AC()[pri:0, instance:com.TestNGDemoSession.Session_1@1de5f259]" started-at="2024-02-08T09:06:05 IST" name="AC" finished-at="2024-02-08T09:06:05 IST" duration-ms="0" status="PASS">
          <reporter-output>
          </reporter-output>
        </test-method> <!-- AC -->
        <test-method is-config="true" signature="AT()[pri:0, instance:com.TestNGDemoSession.Session_1@1de5f259]" started-at="2024-02-08T09:06:05 IST" name="AT" finished-at="2024-02-08T09:06:05 IST" duration-ms="1" status="PASS">
          <reporter-output>
          </reporter-output>
        </test-method> <!-- AT -->
        <test-method is-config="true" signature="AS()[pri:0, instance:com.TestNGDemoSession.Session_1@1de5f259]" started-at="2024-02-08T09:06:05 IST" name="AS" finished-at="2024-02-08T09:06:05 IST" duration-ms="0" status="PASS">
          <reporter-output>
          </reporter-output>
        </test-method> <!-- AS -->
      </class> <!-- com.TestNGDemoSession.Session_1 -->
    </test> <!-- DemoTest -->
  </suite> <!-- DemoSuite -->
</testng-results>
